<?xml version="1.0" encoding="UTF-8"?>
<!-- Generated by org.testng.reporters.JUnitReportReporter -->
<testsuite hostname="Ashish" failures="0" tests="2" name="RahulShettySeleniumFramework.tests.ErrorValidation" time="36.489" errors="0" timestamp="2025-04-01T17:39:40 IST" skipped="0">
  <testcase classname="RahulShettySeleniumFramework.tests.ErrorValidation" name="productErrorValidation" time="26.054"/>
  <testcase classname="RahulShettySeleniumFramework.tests.ErrorValidation" name="loginErrorValidation" time="10.435"/>
</testsuite> <!-- RahulShettySeleniumFramework.tests.ErrorValidation -->
