<?xml version="1.0" encoding="UTF-8"?>
<!-- Generated by org.testng.reporters.JUnitReportReporter -->
<testsuite hostname="Ashish" failures="0" tests="1" name="RahulShettySeleniumFramework.testRunner.CucumberTestRunnerTestNG" time="9.306" errors="0" timestamp="2025-04-03T18:18:24 IST" skipped="0">
  <testcase classname="RahulShettySeleniumFramework.testRunner.CucumberTestRunnerTestNG" name="runScenario" time="9.306"/>
</testsuite> <!-- RahulShettySeleniumFramework.testRunner.CucumberTestRunnerTestNG -->
