<?xml version="1.0" encoding="UTF-8"?>
<!-- Generated by org.testng.reporters.JUnitReportReporter -->
<testsuite hostname="Ashish" failures="0" tests="2" name="RahulShettySeleniumFramework.tests.SubmitOrderTest" time="45.736" errors="0" timestamp="2025-04-03T17:19:23 IST" skipped="0">
  <testcase classname="RahulShettySeleniumFramework.tests.SubmitOrderTest" name="submitOrder" time="20.319"/>
  <testcase classname="RahulShettySeleniumFramework.tests.SubmitOrderTest" name="submitOrder" time="25.417"/>
</testsuite> <!-- RahulShettySeleniumFramework.tests.SubmitOrderTest -->
