<?xml version="1.0" encoding="UTF-8"?>
<!-- Generated by org.testng.reporters.JUnitReportReporter -->
<testsuite hostname="Ashish" failures="0" tests="1" name="RahulShettySeleniumFramework.tests.AppTest" time="12.677" errors="0" timestamp="2025-04-02T12:19:04 IST" skipped="0">
  <testcase classname="RahulShettySeleniumFramework.tests.AppTest" name="shouldAnswerWithTrue" time="12.677"/>
</testsuite> <!-- RahulShettySeleniumFramework.tests.AppTest -->
