<?xml version="1.0" encoding="UTF-8"?>
<!-- Generated by org.testng.reporters.JUnitReportReporter -->
<testsuite hostname="Ashish" failures="0" tests="1" name="RahulShettySeleniumFramework.tests.StandAloneTestModifiedWithPageObjects" time="29.091" errors="0" timestamp="2025-04-01T16:29:21 IST" skipped="0">
  <testcase classname="RahulShettySeleniumFramework.tests.StandAloneTestModifiedWithPageObjects" name="submitOrder" time="29.091"/>
</testsuite> <!-- RahulShettySeleniumFramework.tests.StandAloneTestModifiedWithPageObjects -->
