<?xml version="1.0" encoding="UTF-8"?>
<!-- Generated by org.testng.reporters.JUnitReportReporter -->
<testsuite hostname="Ashish" failures="0" tests="2" name="RahulShettySeleniumFramework.tests.SubmitOrderTest" time="66.062" errors="0" timestamp="2025-04-02T19:17:16 IST" skipped="0">
  <testcase classname="RahulShettySeleniumFramework.tests.SubmitOrderTest" name="submitOrder" time="32.955"/>
  <testcase classname="RahulShettySeleniumFramework.tests.SubmitOrderTest" name="submitOrder" time="33.107"/>
</testsuite> <!-- RahulShettySeleniumFramework.tests.SubmitOrderTest -->
