<?xml version="1.0" encoding="UTF-8"?>
<!-- Generated by org.testng.reporters.JUnitReportReporter -->
<testsuite hostname="Ashish" failures="0" tests="2" name="RahulShettySeleniumFramework.tests.ErrorValidationTest" time="62.596" errors="0" timestamp="2025-04-02T19:17:16 IST" skipped="0">
  <testcase classname="RahulShettySeleniumFramework.tests.ErrorValidationTest" name="loginErrorValidation" time="30.881"/>
  <testcase classname="RahulShettySeleniumFramework.tests.ErrorValidationTest" name="productErrorValidation" time="31.715"/>
</testsuite> <!-- RahulShettySeleniumFramework.tests.ErrorValidationTest -->
